This is pdfTeX, Version 3.14159265-2.6-1.40.18 (TeX Live 2017/Debian) (preloaded format=pdflatex 2018.10.23)  31 MAR 2019 20:37
entering extended mode
 restricted \write18 enabled.
 %&-line parsing enabled.
**Adam_Barnett_Martinez_Sitges_SMO_Project.tex
(./Adam_Barnett_Martinez_Sitges_SMO_Project.tex
LaTeX2e <2017-04-15>
Babel <3.18> and hyphenation patterns for 84 language(s) loaded.
(/usr/share/texlive/texmf-dist/tex/latex/elsarticle/elsarticle.cls
Document Class: elsarticle 2009/09/17, 1.2.0: Elsevier Ltd
\@bls=\dimen102
(/usr/share/texlive/texmf-dist/tex/latex/base/article.cls
Document Class: article 2014/09/29 v1.4h Standard LaTeX document class
(/usr/share/texlive/texmf-dist/tex/latex/base/size12.clo
File: size12.clo 2014/09/29 v1.4h Standard LaTeX file (size option)
)
\c@part=\count79
\c@section=\count80
\c@subsection=\count81
\c@subsubsection=\count82
\c@paragraph=\count83
\c@subparagraph=\count84
\c@figure=\count85
\c@table=\count86
\abovecaptionskip=\skip41
\belowcaptionskip=\skip42
\bibindent=\dimen103
)
(/usr/share/texlive/texmf-dist/tex/latex/graphics/graphicx.sty
Package: graphicx 2017/06/01 v1.1a Enhanced LaTeX Graphics (DPC,SPQR)

(/usr/share/texlive/texmf-dist/tex/latex/graphics/keyval.sty
Package: keyval 2014/10/28 v1.15 key=value parser (DPC)
\KV@toks@=\toks14
)
(/usr/share/texlive/texmf-dist/tex/latex/graphics/graphics.sty
Package: graphics 2017/06/25 v1.2c Standard LaTeX Graphics (DPC,SPQR)

(/usr/share/texlive/texmf-dist/tex/latex/graphics/trig.sty
Package: trig 2016/01/03 v1.10 sin cos tan (DPC)
)
(/usr/share/texlive/texmf-dist/tex/latex/graphics-cfg/graphics.cfg
File: graphics.cfg 2016/06/04 v1.11 sample graphics configuration
)
Package graphics Info: Driver file: pdftex.def on input line 99.

(/usr/share/texlive/texmf-dist/tex/latex/graphics-def/pdftex.def
File: pdftex.def 2018/01/08 v1.0l Graphics/color driver for pdftex
))
\Gin@req@height=\dimen104
\Gin@req@width=\dimen105
)
(/usr/share/texlive/texmf-dist/tex/latex/psnfss/pifont.sty
Package: pifont 2005/04/12 PSNFSS-v9.2a Pi font support (SPQR) 
LaTeX Font Info:    Try loading font information for U+pzd on input line 63.

(/usr/share/texlive/texmf-dist/tex/latex/psnfss/upzd.fd
File: upzd.fd 2001/06/04 font definitions for U/pzd.
)
LaTeX Font Info:    Try loading font information for U+psy on input line 64.

(/usr/share/texlive/texmf-dist/tex/latex/psnfss/upsy.fd
File: upsy.fd 2001/06/04 font definitions for U/psy.
))
\c@tnote=\count87
\c@fnote=\count88
\c@cnote=\count89
\c@ead=\count90
\c@author=\count91
\@eadauthor=\toks15
\c@affn=\count92
\absbox=\box26
\keybox=\box27
\Columnwidth=\dimen106
\space@left=\dimen107
\els@boxa=\box28
\els@boxb=\box29
\leftMargin=\dimen108
\@enLab=\toks16
\@sep=\skip43
\@@sep=\skip44

(./Adam_Barnett_Martinez_Sitges_SMO_Project.spl)
(/usr/share/texlive/texmf-dist/tex/latex/natbib/natbib.sty
Package: natbib 2010/09/13 8.31b (PWD, AO)
\bibhang=\skip45
\bibsep=\skip46
LaTeX Info: Redefining \cite on input line 694.
\c@NAT@ctr=\count93
)
\splwrite=\write3
\openout3 = `Adam_Barnett_Martinez_Sitges_SMO_Project.spl'.

)
(/usr/share/texlive/texmf-dist/tex/latex/setspace/setspace.sty
Package: setspace 2011/12/19 v6.7a set line spacing
)
(/usr/share/texlive/texmf-dist/tex/latex/multirow/multirow.sty
Package: multirow 2016/11/25 v2.2 Span multiple rows of a table
\multirow@colwidth=\skip47
\multirow@cntb=\count94
\multirow@dima=\skip48
\bigstrutjot=\dimen109
)
(/usr/share/texlive/texmf-dist/tex/latex/geometry/geometry.sty
Package: geometry 2010/09/12 v5.6 Page Geometry

(/usr/share/texlive/texmf-dist/tex/generic/oberdiek/ifpdf.sty
Package: ifpdf 2017/03/15 v3.2 Provides the ifpdf switch
)
(/usr/share/texlive/texmf-dist/tex/generic/oberdiek/ifvtex.sty
Package: ifvtex 2016/05/16 v1.6 Detect VTeX and its facilities (HO)
Package ifvtex Info: VTeX not detected.
)
(/usr/share/texlive/texmf-dist/tex/generic/ifxetex/ifxetex.sty
Package: ifxetex 2010/09/12 v0.6 Provides ifxetex conditional
)
\Gm@cnth=\count95
\Gm@cntv=\count96
\c@Gm@tempcnt=\count97
\Gm@bindingoffset=\dimen110
\Gm@wd@mp=\dimen111
\Gm@odd@mp=\dimen112
\Gm@even@mp=\dimen113
\Gm@layoutwidth=\dimen114
\Gm@layoutheight=\dimen115
\Gm@layouthoffset=\dimen116
\Gm@layoutvoffset=\dimen117
\Gm@dimlist=\toks17
)
(/usr/share/texlive/texmf-dist/tex/latex/pdfpages/pdfpages.sty
Package: pdfpages 2017/10/31 v0.5l Insert pages of external PDF documents (AM)

(/usr/share/texlive/texmf-dist/tex/latex/base/ifthen.sty
Package: ifthen 2014/09/29 v1.1c Standard LaTeX ifthen package (DPC)
)
(/usr/share/texlive/texmf-dist/tex/latex/tools/calc.sty
Package: calc 2014/10/28 v4.3 Infix arithmetic (KKT,FJ)
\calc@Acount=\count98
\calc@Bcount=\count99
\calc@Adimen=\dimen118
\calc@Bdimen=\dimen119
\calc@Askip=\skip49
\calc@Bskip=\skip50
LaTeX Info: Redefining \setlength on input line 80.
LaTeX Info: Redefining \addtolength on input line 81.
\calc@Ccount=\count100
\calc@Cskip=\skip51
)
(/usr/share/texlive/texmf-dist/tex/latex/eso-pic/eso-pic.sty
Package: eso-pic 2015/07/21 v2.0g eso-pic (RN)

(/usr/share/texlive/texmf-dist/tex/generic/oberdiek/atbegshi.sty
Package: atbegshi 2016/06/09 v1.18 At begin shipout hook (HO)

(/usr/share/texlive/texmf-dist/tex/generic/oberdiek/infwarerr.sty
Package: infwarerr 2016/05/16 v1.4 Providing info/warning/error messages (HO)
)
(/usr/share/texlive/texmf-dist/tex/generic/oberdiek/ltxcmds.sty
Package: ltxcmds 2016/05/16 v1.23 LaTeX kernel commands for general use (HO)
))
(/usr/share/texlive/texmf-dist/tex/latex/xcolor/xcolor.sty
Package: xcolor 2016/05/11 v2.12 LaTeX color extensions (UK)

(/usr/share/texlive/texmf-dist/tex/latex/graphics-cfg/color.cfg
File: color.cfg 2016/01/02 v1.6 sample color configuration
)
Package xcolor Info: Driver file: pdftex.def on input line 225.
Package xcolor Info: Model `cmy' substituted by `cmy0' on input line 1348.
Package xcolor Info: Model `hsb' substituted by `rgb' on input line 1352.
Package xcolor Info: Model `RGB' extended on input line 1364.
Package xcolor Info: Model `HTML' substituted by `rgb' on input line 1366.
Package xcolor Info: Model `Hsb' substituted by `hsb' on input line 1367.
Package xcolor Info: Model `tHsb' substituted by `hsb' on input line 1368.
Package xcolor Info: Model `HSB' substituted by `hsb' on input line 1369.
Package xcolor Info: Model `Gray' substituted by `gray' on input line 1370.
Package xcolor Info: Model `wave' substituted by `hsb' on input line 1371.
))
\AM@pagewidth=\dimen120
\AM@pageheight=\dimen121

(/usr/share/texlive/texmf-dist/tex/latex/pdfpages/pppdftex.def
File: pppdftex.def 2017/10/31 v0.5l Pdfpages driver for pdfTeX (AM)
)
\AM@pagebox=\box30
\AM@global@opts=\toks18
\AM@toc@title=\toks19
\c@AM@survey=\count101
\AM@templatesizebox=\box31
)
(/usr/share/texlive/texmf-dist/tex/latex/enumitem/enumitem.sty
Package: enumitem 2011/09/28 v3.5.2 Customized lists
\labelindent=\skip52
\enit@outerparindent=\dimen122
\enit@toks=\toks20
\enit@inbox=\box32
\enitdp@description=\count102
)
(/usr/share/texlive/texmf-dist/tex/latex/mathtools/mathtools.sty
Package: mathtools 2018/01/08 v1.21 mathematical typesetting tools

(/usr/share/texlive/texmf-dist/tex/latex/mathtools/mhsetup.sty
Package: mhsetup 2017/03/31 v1.3 programming setup (MH)
)
(/usr/share/texlive/texmf-dist/tex/latex/amsmath/amsmath.sty
Package: amsmath 2017/09/02 v2.17a AMS math features
\@mathmargin=\skip53

For additional information on amsmath, use the `?' option.
(/usr/share/texlive/texmf-dist/tex/latex/amsmath/amstext.sty
Package: amstext 2000/06/29 v2.01 AMS text

(/usr/share/texlive/texmf-dist/tex/latex/amsmath/amsgen.sty
File: amsgen.sty 1999/11/30 v2.0 generic functions
\@emptytoks=\toks21
\ex@=\dimen123
))
(/usr/share/texlive/texmf-dist/tex/latex/amsmath/amsbsy.sty
Package: amsbsy 1999/11/29 v1.2d Bold Symbols
\pmbraise@=\dimen124
)
(/usr/share/texlive/texmf-dist/tex/latex/amsmath/amsopn.sty
Package: amsopn 2016/03/08 v2.02 operator names
)
\inf@bad=\count103
LaTeX Info: Redefining \frac on input line 213.
\uproot@=\count104
\leftroot@=\count105
LaTeX Info: Redefining \overline on input line 375.
\classnum@=\count106
\DOTSCASE@=\count107
LaTeX Info: Redefining \ldots on input line 472.
LaTeX Info: Redefining \dots on input line 475.
LaTeX Info: Redefining \cdots on input line 596.
\Mathstrutbox@=\box33
\strutbox@=\box34
\big@size=\dimen125
LaTeX Font Info:    Redeclaring font encoding OML on input line 712.
LaTeX Font Info:    Redeclaring font encoding OMS on input line 713.
\macc@depth=\count108
\c@MaxMatrixCols=\count109
\dotsspace@=\muskip10
\c@parentequation=\count110
\dspbrk@lvl=\count111
\tag@help=\toks22
\row@=\count112
\column@=\count113
\maxfields@=\count114
\andhelp@=\toks23
\eqnshift@=\dimen126
\alignsep@=\dimen127
\tagshift@=\dimen128
\tagwidth@=\dimen129
\totwidth@=\dimen130
\lineht@=\dimen131
\@envbody=\toks24
\multlinegap=\skip54
\multlinetaggap=\skip55
\mathdisplay@stack=\toks25
LaTeX Info: Redefining \[ on input line 2817.
LaTeX Info: Redefining \] on input line 2818.
)
LaTeX Info: Thecontrolsequence`\('isalreadyrobust on input line 129.
LaTeX Info: Thecontrolsequence`\)'isalreadyrobust on input line 129.
LaTeX Info: Thecontrolsequence`\['isalreadyrobust on input line 129.
LaTeX Info: Thecontrolsequence`\]'isalreadyrobust on input line 129.
\g_MT_multlinerow_int=\count115
\l_MT_multwidth_dim=\dimen132
\origjot=\skip56
\l_MT_shortvdotswithinadjustabove_dim=\dimen133
\l_MT_shortvdotswithinadjustbelow_dim=\dimen134
\l_MT_above_intertext_sep=\dimen135
\l_MT_below_intertext_sep=\dimen136
\l_MT_above_shortintertext_sep=\dimen137
\l_MT_below_shortintertext_sep=\dimen138
)
(/usr/share/texlive/texmf-dist/tex/latex/parskip/parskip.sty
Package: parskip 2001/04/09 non-zero parskip adjustments
)
(/usr/share/texlive/texmf-dist/tex/latex/base/flafter.sty
Package: flafter 2017/04/11 v1.4a Standard LaTeX floats after reference (FMi)
Applying: [2015/01/01] float order in 2-column on input line 49.
Already applied: [0000/00/00] float order in 2-column on input line 151.
)
(/usr/share/texlive/texmf-dist/tex/latex/caption/caption.sty
Package: caption 2016/02/21 v3.3-144 Customizing captions (AR)

(/usr/share/texlive/texmf-dist/tex/latex/caption/caption3.sty
Package: caption3 2016/05/22 v1.7-166 caption3 kernel (AR)
Package caption3 Info: TeX engine: e-TeX on input line 67.
\captionmargin=\dimen139
\captionmargin@=\dimen140
\captionwidth=\dimen141
\caption@tempdima=\dimen142
\caption@indent=\dimen143
\caption@parindent=\dimen144
\caption@hangindent=\dimen145
)
\c@ContinuedFloat=\count116
)
(/usr/share/texlive/texmf-dist/tex/latex/footmisc/footmisc.sty
Package: footmisc 2011/06/06 v5.5b a miscellany of footnote facilities
\FN@temptoken=\toks26
\footnotemargin=\dimen146
\c@pp@next@reset=\count117
Package footmisc Info: Declaring symbol style bringhurst on input line 855.
Package footmisc Info: Declaring symbol style chicago on input line 863.
Package footmisc Info: Declaring symbol style wiley on input line 872.
Package footmisc Info: Declaring symbol style lamport-robust on input line 883.

Package footmisc Info: Declaring symbol style lamport* on input line 903.
Package footmisc Info: Declaring symbol style lamport*-robust on input line 924
.
)
(/usr/share/texlive/texmf-dist/tex/latex/floatrow/floatrow.sty
Package: floatrow 2008/08/02 v0.3b floatrow: float package extension
\c@float@type=\count118
\float@exts=\toks27
\float@box=\box35
\@floatcapt=\box36
Package floatrow Info: Modified float package code loaded on input line 455.
Package floatrow Info: Modified rotfloat package code loaded on input line 473.

\FR@everyfloat=\toks28
\flrow@foot=\insert199
\FB@wd=\dimen147
\FBo@wd=\dimen148
\FBc@wd=\dimen149
\FBo@ht=\skip57
\FBc@ht=\skip58
\FBf@ht=\skip59
\FBo@max=\skip60
\FBc@max=\skip61
\FBf@max=\skip62
\c@FBl@b=\count119
\floatbox@depth=\count120
\c@FRobj=\count121
\c@FRsobj=\count122
\Xhsize=\skip63
\sXhsize=\skip64
\Zhsize=\skip65
\sZhsize=\skip66
\flrow@rowbox=\box37
\FR@Zunitlength=\dimen150
\c@FBcnt=\count123
\FPOScnt=\count124
\LTleft=\skip67
\LTright=\skip68
\LTleft=\skip69
\LTright=\skip70
\flrow@types=\toks29
)
(/usr/share/texlive/texmf-dist/tex/latex/graphics/lscape.sty
Package: lscape 2000/10/22 v3.01 Landscape Pages (DPC)
)
(/usr/share/texlive/texmf-dist/tex/latex/appendix/appendix.sty
Package: appendix 2009/09/02 v1.2b extra appendix facilities
\c@@pps=\count125
\c@@ppsavesec=\count126
\c@@ppsaveapp=\count127
)
(/usr/share/texlive/texmf-dist/tex/latex/amsfonts/amssymb.sty
Package: amssymb 2013/01/14 v3.01 AMS font symbols

(/usr/share/texlive/texmf-dist/tex/latex/amsfonts/amsfonts.sty
Package: amsfonts 2013/01/14 v3.01 Basic AMSFonts support
\symAMSa=\mathgroup4
\symAMSb=\mathgroup5
LaTeX Font Info:    Overwriting math alphabet `\mathfrak' in version `bold'
(Font)                  U/euf/m/n --> U/euf/b/n on input line 106.
))
(/usr/share/texlive/texmf-dist/tex/latex/fancyhdr/fancyhdr.sty
Package: fancyhdr 2017/06/30 v3.9a Extensive control of page headers and footer
s
\f@nch@headwidth=\skip71
\f@nch@O@elh=\skip72
\f@nch@O@erh=\skip73
\f@nch@O@olh=\skip74
\f@nch@O@orh=\skip75
\f@nch@O@elf=\skip76
\f@nch@O@erf=\skip77
\f@nch@O@olf=\skip78
\f@nch@O@orf=\skip79
)
(/usr/share/texlive/texmf-dist/tex/generic/epsf/epsf.sty
This is `epsf.tex' v2.7.4 <14 February 2011>
\epsffilein=\read1
\epsfframemargin=\dimen151
\epsfframethickness=\dimen152
\epsfrsize=\dimen153
\epsftmp=\dimen154
\epsftsize=\dimen155
\epsfxsize=\dimen156
\epsfysize=\dimen157
\pspoints=\dimen158
) (/usr/share/texlive/texmf-dist/tex/latex/subfigure/subfigure.sty
Package: subfigure 2002/03/15 v2.1.5 subfigure package
\subfigtopskip=\skip80
\subfigcapskip=\skip81
\subfigcaptopadj=\dimen159
\subfigbottomskip=\skip82
\subfigcapmargin=\dimen160
\subfiglabelskip=\skip83
\c@subfigure=\count128
\c@lofdepth=\count129
\c@subtable=\count130
\c@lotdepth=\count131

****************************************
* Local config file subfigure.cfg used *
****************************************
(/usr/share/texlive/texmf-dist/tex/latex/subfigure/subfigure.cfg)
\subfig@top=\skip84
\subfig@bottom=\skip85
)
(/usr/share/texlive/texmf-dist/tex/latex/pstricks/pstricks.sty
Package: pstricks 2018/01/06 v0.67 LaTeX wrapper for `PSTricks' (RN,HV)

(/usr/share/texlive/texmf-dist/tex/generic/iftex/iftex.sty
Package: iftex 2013/04/04 v0.2 Provides if(tex) conditional for PDFTeX, XeTeX, 
and LuaTeX
)
(/usr/share/texlive/texmf-dist/tex/latex/tools/shellesc.sty
Package: shellesc 2016/06/07 v0.02a unified shell escape interface for LaTeX
Package shellesc Info: Restricted shell escape enabled on input line 69.
)
(/usr/share/texlive/texmf-dist/tex/generic/xkeyval/pst-xkey.tex
File: pst-xkey.tex 2005/11/25 v1.6 PSTricks specialization of xkeyval (HA)

(/usr/share/texlive/texmf-dist/tex/latex/xkeyval/xkeyval.sty
Package: xkeyval 2014/12/03 v2.7a package option processing (HA)

(/usr/share/texlive/texmf-dist/tex/generic/xkeyval/xkeyval.tex
(/usr/share/texlive/texmf-dist/tex/generic/xkeyval/xkvutils.tex
\XKV@toks=\toks30
\XKV@tempa@toks=\toks31
)
\XKV@depth=\count132
File: xkeyval.tex 2014/12/03 v2.7a key=value parser (HA)
)))
(/usr/share/texlive/texmf-dist/tex/generic/pstricks/pstricks.tex
(/usr/share/texlive/texmf-dist/tex/generic/pstricks/pst-fp.tex
`pst-fp' v0.05, 2010/01/17 (hv)
\pstFP@xs=\count133
\pstFP@xia=\count134
\pstFP@xib=\count135
\pstFP@xfa=\count136
\pstFP@xfb=\count137
\pstFP@rega=\count138
\pstFP@regb=\count139
\pstFP@regs=\count140
\pstFP@times=\count141
)
(/usr/share/texlive/texmf-dist/tex/generic/pgf/utilities/pgfutil-common.tex
\pgfutil@everybye=\toks32
\pgfutil@tempdima=\dimen161
\pgfutil@tempdimb=\dimen162

(/usr/share/texlive/texmf-dist/tex/generic/pgf/utilities/pgfutil-common-lists.t
ex)) (/usr/share/texlive/texmf-dist/tex/generic/pgf/utilities/pgfkeys.code.tex
\pgfkeys@pathtoks=\toks33
\pgfkeys@temptoks=\toks34

(/usr/share/texlive/texmf-dist/tex/generic/pgf/utilities/pgfkeysfiltered.code.t
ex
\pgfkeys@tmptoks=\toks35
)) (/usr/share/texlive/texmf-dist/tex/generic/pgf/utilities/pgffor.code.tex
(/usr/share/texlive/texmf-dist/tex/generic/pgf/math/pgfmath.code.tex
(/usr/share/texlive/texmf-dist/tex/generic/pgf/math/pgfmathcalc.code.tex
(/usr/share/texlive/texmf-dist/tex/generic/pgf/math/pgfmathutil.code.tex
\pgf@x=\dimen163
\pgf@xa=\dimen164
\pgf@xb=\dimen165
\pgf@xc=\dimen166
\pgf@y=\dimen167
\pgf@ya=\dimen168
\pgf@yb=\dimen169
\pgf@yc=\dimen170
\c@pgf@counta=\count142
\c@pgf@countb=\count143
\c@pgf@countc=\count144
\c@pgf@countd=\count145
\pgfutil@tempcnta=\count146
\pgfutil@tempcntb=\count147
)
(/usr/share/texlive/texmf-dist/tex/generic/pgf/math/pgfmathparser.code.tex
\pgfmath@dimen=\dimen171
\pgfmath@count=\count148
\pgfmath@box=\box38
\pgfmath@toks=\toks36
\pgfmath@stack@operand=\toks37
\pgfmath@stack@operation=\toks38
)
(/usr/share/texlive/texmf-dist/tex/generic/pgf/math/pgfmathfunctions.code.tex
(/usr/share/texlive/texmf-dist/tex/generic/pgf/math/pgfmathfunctions.basic.code
.tex)
(/usr/share/texlive/texmf-dist/tex/generic/pgf/math/pgfmathfunctions.trigonomet
ric.code.tex)
(/usr/share/texlive/texmf-dist/tex/generic/pgf/math/pgfmathfunctions.random.cod
e.tex)
(/usr/share/texlive/texmf-dist/tex/generic/pgf/math/pgfmathfunctions.comparison
.code.tex)
(/usr/share/texlive/texmf-dist/tex/generic/pgf/math/pgfmathfunctions.base.code.
tex)
(/usr/share/texlive/texmf-dist/tex/generic/pgf/math/pgfmathfunctions.round.code
.tex)
(/usr/share/texlive/texmf-dist/tex/generic/pgf/math/pgfmathfunctions.misc.code.
tex)
(/usr/share/texlive/texmf-dist/tex/generic/pgf/math/pgfmathfunctions.integerari
thmetics.code.tex)))
(/usr/share/texlive/texmf-dist/tex/generic/pgf/math/pgfmathfloat.code.tex
\c@pgfmathroundto@lastzeros=\count149
))
\pgffor@iter=\dimen172
\pgffor@skip=\dimen173
\pgffor@stack=\toks39
\pgffor@toks=\toks40
)
\psLoopIndex=\count150

`PSTricks' v2.82  <2018/01/06> (tvz,hv)
\pst@dima=\dimen174
\pst@dimb=\dimen175
\pst@dimc=\dimen176
\pst@dimd=\dimen177
\pst@dimg=\dimen178
\pst@dimh=\dimen179
\pst@dimm=\dimen180
\pst@dimn=\dimen181
\pst@dimo=\dimen182
\pst@dimp=\dimen183
\pst@hbox=\box39
\pst@ibox=\box40
\pst@boxg=\box41
\pst@cnta=\count151
\pst@cntb=\count152
\pst@cntc=\count153
\pst@cntd=\count154
\pst@cntg=\count155
\pst@cnth=\count156
\pst@cntm=\count157
\pst@cntn=\count158
\pst@cnto=\count159
\pst@cntp=\count160
\@zero=\count161
\pst@toks=\toks41
(/usr/share/texlive/texmf-dist/tex/generic/pstricks/pstricks.con)
\psunit=\dimen184
\psxunit=\dimen185
\psyunit=\dimen186
\pst@C@@rType=\count162
\pslinewidth=\dimen187
\psk@startLW=\dimen188
\psk@endLW=\dimen189
\pst@customdefs=\toks42
\pslinearc=\dimen190
\pst@symbolStep=\dimen191
\pst@symbolWidth=\dimen192
\pst@symbolLinewidth=\dimen193
\everypsbox=\toks43
\psframesep=\dimen194
\pslabelsep=\dimen195
\sh@wgridXunit=\dimen196
\sh@wgridYunit=\dimen197
\pst@shift=\dimen198
)
File: pstricks.tex 2018/01/06 v2.82 `PSTricks' (tvz,hv)

(/usr/share/texlive/texmf-dist/tex/generic/pstricks/pst-fp.tex)
File: pst-fp.tex 2018/01/06 v2.82 `PST-fp' (hv)
)
(/usr/share/texlive/texmf-dist/tex/latex/pst-node/pst-node.sty
Package: pst-node 2012/09/18 v1.01 LaTeX wrapper for `pst-node' (HV)
Package: pst-node 2010/04/22 package wrapper for pst-node.tex

(/usr/share/texlive/texmf-dist/tex/generic/pst-node/pst-node.tex
 v1.41, 2017/12/30
\psrow=\count163
\pscol=\count164
\psmatrixcnt=\count165
\psrowsep=\skip86
\pscolsep=\skip87
\pst@args=\count166
\num@pts=\count167
\pst@argcnt=\count168
)
File: pst-node.tex 2017/12/30 1.41 `pst-node' (tvz,hv)
) (/usr/share/texlive/texmf-dist/tex/latex/psfrag/psfrag.sty
Package: psfrag 1998/04/11 v3.04 PSfrag (MCG)
\pfg@pcount=\count169
\pfg@scount=\count170
\pfg@temp=\write4
) (/usr/share/texlive/texmf-dist/tex/latex/amscls/amsthm.sty
Package: amsthm 2017/10/31 v2.20.4
\thm@style=\toks44
\thm@bodyfont=\toks45
\thm@headfont=\toks46
\thm@notefont=\toks47
\thm@headpunct=\toks48
\thm@preskip=\skip88
\thm@postskip=\skip89
\thm@headsep=\skip90
\dth@everypar=\toks49
LaTeX Info: Redefining \qed on input line 274.
)
(/usr/share/texlive/texmf-dist/tex/latex/tools/bm.sty
Package: bm 2017/01/16 v1.2c Bold Symbol Support (DPC/FMi)
\symboldoperators=\mathgroup6
\symboldletters=\mathgroup7
\symboldsymbols=\mathgroup8
LaTeX Font Info:    Redeclaring math alphabet \mathbf on input line 141.
LaTeX Info: Redefining \bm on input line 207.
)
(/usr/share/texlive/texmf-dist/tex/latex/graphics/rotating.sty
Package: rotating 2016/08/11 v2.16d rotated objects in LaTeX
\c@r@tfl@t=\count171
\rotFPtop=\skip91
\rotFPbot=\skip92
\rot@float@box=\box42
\rot@mess@toks=\toks50
)
(/usr/share/texlive/texmf-dist/tex/latex/oberdiek/pdflscape.sty
Package: pdflscape 2016/05/14 v0.11 Display of landscape pages in PDF (HO)
Package pdflscape Info: Auto-detected driver: pdftex on input line 81.
)
(/usr/share/texlive/texmf-dist/tex/latex/hyperref/hyperref.sty
Package: hyperref 2018/02/06 v6.86b Hypertext links for LaTeX

(/usr/share/texlive/texmf-dist/tex/generic/oberdiek/hobsub-hyperref.sty
Package: hobsub-hyperref 2016/05/16 v1.14 Bundle oberdiek, subset hyperref (HO)


(/usr/share/texlive/texmf-dist/tex/generic/oberdiek/hobsub-generic.sty
Package: hobsub-generic 2016/05/16 v1.14 Bundle oberdiek, subset generic (HO)
Package: hobsub 2016/05/16 v1.14 Construct package bundles (HO)
Package hobsub Info: Skipping package `infwarerr' (already loaded).
Package hobsub Info: Skipping package `ltxcmds' (already loaded).
Package: ifluatex 2016/05/16 v1.4 Provides the ifluatex switch (HO)
Package ifluatex Info: LuaTeX not detected.
Package hobsub Info: Skipping package `ifvtex' (already loaded).
Package: intcalc 2016/05/16 v1.2 Expandable calculations with integers (HO)
Package hobsub Info: Skipping package `ifpdf' (already loaded).
Package: etexcmds 2016/05/16 v1.6 Avoid name clashes with e-TeX commands (HO)
Package etexcmds Info: Could not find \expanded.
(etexcmds)             That can mean that you are not using pdfTeX 1.50 or
(etexcmds)             that some package has redefined \expanded.
(etexcmds)             In the latter case, load this package earlier.
Package: kvsetkeys 2016/05/16 v1.17 Key value parser (HO)
Package: kvdefinekeys 2016/05/16 v1.4 Define keys (HO)
Package: pdftexcmds 2018/01/21 v0.26 Utility functions of pdfTeX for LuaTeX (HO
)
Package pdftexcmds Info: LuaTeX not detected.
Package pdftexcmds Info: \pdf@primitive is available.
Package pdftexcmds Info: \pdf@ifprimitive is available.
Package pdftexcmds Info: \pdfdraftmode found.
Package: pdfescape 2016/05/16 v1.14 Implements pdfTeX's escape features (HO)
Package: bigintcalc 2016/05/16 v1.4 Expandable calculations on big integers (HO
)
Package: bitset 2016/05/16 v1.2 Handle bit-vector datatype (HO)
Package: uniquecounter 2016/05/16 v1.3 Provide unlimited unique counter (HO)
)
Package hobsub Info: Skipping package `hobsub' (already loaded).
Package: letltxmacro 2016/05/16 v1.5 Let assignment for LaTeX macros (HO)
Package: hopatch 2016/05/16 v1.3 Wrapper for package hooks (HO)
Package: xcolor-patch 2016/05/16 xcolor patch
Package: atveryend 2016/05/16 v1.9 Hooks at the very end of document (HO)
Package atveryend Info: \enddocument detected (standard20110627).
Package hobsub Info: Skipping package `atbegshi' (already loaded).
Package: refcount 2016/05/16 v3.5 Data extraction from label references (HO)
Package: hycolor 2016/05/16 v1.8 Color options for hyperref/bookmark (HO)
)
(/usr/share/texlive/texmf-dist/tex/latex/oberdiek/auxhook.sty
Package: auxhook 2016/05/16 v1.4 Hooks for auxiliary files (HO)
)
(/usr/share/texlive/texmf-dist/tex/latex/oberdiek/kvoptions.sty
Package: kvoptions 2016/05/16 v3.12 Key value format for package options (HO)
)
\@linkdim=\dimen256
\Hy@linkcounter=\count172
\Hy@pagecounter=\count173

(/usr/share/texlive/texmf-dist/tex/latex/hyperref/pd1enc.def
File: pd1enc.def 2018/02/06 v6.86b Hyperref: PDFDocEncoding definition (HO)
)
\Hy@SavedSpaceFactor=\count174

(/usr/share/texlive/texmf-dist/tex/latex/latexconfig/hyperref.cfg
File: hyperref.cfg 2002/06/06 v1.2 hyperref configuration of TeXLive
)
Package hyperref Info: Hyper figures OFF on input line 4509.
Package hyperref Info: Link nesting OFF on input line 4514.
Package hyperref Info: Hyper index ON on input line 4517.
Package hyperref Info: Plain pages OFF on input line 4524.
Package hyperref Info: Backreferencing OFF on input line 4529.
Package hyperref Info: Implicit mode ON; LaTeX internals redefined.
Package hyperref Info: Bookmarks ON on input line 4762.
\c@Hy@tempcnt=\count175

(/usr/share/texlive/texmf-dist/tex/latex/url/url.sty
\Urlmuskip=\muskip11
Package: url 2013/09/16  ver 3.4  Verb mode for urls, etc.
)
LaTeX Info: Redefining \url on input line 5115.
\XeTeXLinkMargin=\dimen257
\Fld@menulength=\count176
\Field@Width=\dimen258
\Fld@charsize=\dimen259
Package hyperref Info: Hyper figures OFF on input line 6369.
Package hyperref Info: Link nesting OFF on input line 6374.
Package hyperref Info: Hyper index ON on input line 6377.
Package hyperref Info: backreferencing OFF on input line 6384.
Package hyperref Info: Link coloring OFF on input line 6389.
Package hyperref Info: Link coloring with OCG OFF on input line 6394.
Package hyperref Info: PDF/A mode OFF on input line 6399.
LaTeX Info: Redefining \ref on input line 6439.
LaTeX Info: Redefining \pageref on input line 6443.
\Hy@abspage=\count177
\c@Item=\count178
\c@Hfootnote=\count179
)
Package hyperref Info: Driver (autodetected): hpdftex.

(/usr/share/texlive/texmf-dist/tex/latex/hyperref/hpdftex.def
File: hpdftex.def 2018/02/06 v6.86b Hyperref driver for pdfTeX
\Fld@listcount=\count180
\c@bookmark@seq@number=\count181

(/usr/share/texlive/texmf-dist/tex/latex/oberdiek/rerunfilecheck.sty
Package: rerunfilecheck 2016/05/16 v1.8 Rerun checks for auxiliary files (HO)
Package uniquecounter Info: New unique counter `rerunfilecheck' on input line 2
82.
)
\Hy@SectionHShift=\skip93
)
(/usr/share/texlive/texmf-dist/tex/latex/soul/soul.sty
Package: soul 2003/11/17 v2.4 letterspacing/underlining (mf)
\SOUL@word=\toks51
\SOUL@lasttoken=\toks52
\SOUL@cmds=\toks53
\SOUL@buffer=\toks54
\SOUL@token=\toks55
\SOUL@spaceskip=\skip94
\SOUL@ttwidth=\dimen260
\SOUL@uldp=\dimen261
\SOUL@ulht=\dimen262
)
(/usr/share/texlive/texmf-dist/tex/latex/tools/longtable.sty
Package: longtable 2014/10/28 v4.11 Multi-page Table package (DPC)
\LTleft=\skip95
\LTright=\skip96
\LTpre=\skip97
\LTpost=\skip98
\LTchunksize=\count182
\LTcapwidth=\dimen263
\LT@head=\box43
\LT@firsthead=\box44
\LT@foot=\box45
\LT@lastfoot=\box46
\LT@cols=\count183
\LT@rows=\count184
\c@LT@tables=\count185
\c@LT@chunks=\count186
\LT@p@ftn=\toks56
)
(/usr/share/texlive/texmf-dist/tex/latex/tablefootnote/tablefootnote.sty
Package: tablefootnote 2014/01/26 v1.1c Table foot notes (HMM)

(/usr/share/texlive/texmf-dist/tex/latex/xifthen/xifthen.sty
Package: xifthen 2015/11/05 v1.4.0 Extended ifthen features

(/usr/share/texlive/texmf-dist/tex/latex/ifmtarg/ifmtarg.sty
Package: ifmtarg 2009/09/02 v1.2a check for an empty argument
))
(/usr/share/texlive/texmf-dist/tex/latex/etoolbox/etoolbox.sty
Package: etoolbox 2018/02/11 v2.5e e-TeX tools for LaTeX (JAW)
\etb@tempcnta=\count187
))
(/usr/share/texlive/texmf-dist/tex/latex/animate/animate.sty
Package: animate 2018/02/28 PDF animations from files and inline graphics

(/usr/share/texlive/texmf-dist/tex/latex/oberdiek/ifdraft.sty
Package: ifdraft 2016/05/16 v1.4 Detect class options draft and final (HO)
)
(/usr/share/texlive/texmf-dist/tex/latex/media9/pdfbase.sty
(/usr/share/texlive/texmf-dist/tex/latex/l3kernel/expl3.sty
Package: expl3 2018/02/21 L3 programming layer (loader) 

(/usr/share/texlive/texmf-dist/tex/latex/l3kernel/expl3-code.tex
Package: expl3 2018/02/21 L3 programming layer (code)
\c_max_int=\count188
\l_tmpa_int=\count189
\l_tmpb_int=\count190
\g_tmpa_int=\count191
\g_tmpb_int=\count192
\g__intarray_font_int=\count193
\g__prg_map_int=\count194
\c_log_iow=\count195
\l_iow_line_count_int=\count196
\l__iow_line_target_int=\count197
\l__iow_one_indent_int=\count198
\l__iow_indent_int=\count266
\c_zero_dim=\dimen264
\c_max_dim=\dimen265
\l_tmpa_dim=\dimen266
\l_tmpb_dim=\dimen267
\g_tmpa_dim=\dimen268
\g_tmpb_dim=\dimen269
\c_zero_skip=\skip99
\c_max_skip=\skip100
\l_tmpa_skip=\skip101
\l_tmpb_skip=\skip102
\g_tmpa_skip=\skip103
\g_tmpb_skip=\skip104
\c_zero_muskip=\muskip12
\c_max_muskip=\muskip13
\l_tmpa_muskip=\muskip14
\l_tmpb_muskip=\muskip15
\g_tmpa_muskip=\muskip16
\g_tmpb_muskip=\muskip17
\l_keys_choice_int=\count267
\c__fp_leading_shift_int=\count268
\c__fp_middle_shift_int=\count269
\c__fp_trailing_shift_int=\count270
\c__fp_big_leading_shift_int=\count271
\c__fp_big_middle_shift_int=\count272
\c__fp_big_trailing_shift_int=\count273
\c__fp_Bigg_leading_shift_int=\count274
\c__fp_Bigg_middle_shift_int=\count275
\c__fp_Bigg_trailing_shift_int=\count276
\c__fp_rand_size_int=\count277
\c__fp_rand_four_int=\count278
\c__fp_rand_eight_int=\count279
\l__sort_length_int=\count280
\l__sort_min_int=\count281
\l__sort_top_int=\count282
\l__sort_max_int=\count283
\l__sort_true_max_int=\count284
\l__sort_block_int=\count285
\l__sort_begin_int=\count286
\l__sort_end_int=\count287
\l__sort_A_int=\count288
\l__sort_B_int=\count289
\l__sort_C_int=\count290
\l__tl_build_start_index_int=\count291
\l__tl_build_index_int=\count292
\l__tl_analysis_normal_int=\count293
\l__tl_analysis_index_int=\count294
\l__tl_analysis_nesting_int=\count295
\l__tl_analysis_type_int=\count296
\l__regex_internal_a_int=\count297
\l__regex_internal_b_int=\count298
\l__regex_internal_c_int=\count299
\l__regex_balance_int=\count300
\l__regex_group_level_int=\count301
\l__regex_mode_int=\count302
\c__regex_cs_in_class_mode_int=\count303
\c__regex_cs_mode_int=\count304
\l__regex_catcodes_int=\count305
\l__regex_default_catcodes_int=\count306
\c__regex_catcode_D_int=\count307
\c__regex_catcode_S_int=\count308
\c__regex_catcode_L_int=\count309
\c__regex_catcode_O_int=\count310
\c__regex_catcode_A_int=\count311
\c__regex_all_catcodes_int=\count312
\l__regex_show_lines_int=\count313
\l__regex_min_state_int=\count314
\l__regex_max_state_int=\count315
\l__regex_left_state_int=\count316
\l__regex_right_state_int=\count317
\l__regex_capturing_group_int=\count318
\l__regex_min_pos_int=\count319
\l__regex_max_pos_int=\count320
\l__regex_curr_pos_int=\count321
\l__regex_start_pos_int=\count322
\l__regex_success_pos_int=\count323
\l__regex_curr_char_int=\count324
\l__regex_curr_catcode_int=\count325
\l__regex_last_char_int=\count326
\l__regex_case_changed_char_int=\count327
\l__regex_curr_state_int=\count328
\l__regex_step_int=\count329
\l__regex_min_active_int=\count330
\l__regex_max_active_int=\count331
\l__regex_replacement_csnames_int=\count332
\l__regex_match_count_int=\count333
\l__regex_min_submatch_int=\count334
\l__regex_submatch_int=\count335
\l__regex_zeroth_submatch_int=\count336
\g__regex_trace_regex_int=\count337
\c_empty_box=\box47
\l_tmpa_box=\box48
\l_tmpb_box=\box49
\g_tmpa_box=\box50
\g_tmpb_box=\box51
\l__box_top_dim=\dimen270
\l__box_bottom_dim=\dimen271
\l__box_left_dim=\dimen272
\l__box_right_dim=\dimen273
\l__box_top_new_dim=\dimen274
\l__box_bottom_new_dim=\dimen275
\l__box_left_new_dim=\dimen276
\l__box_right_new_dim=\dimen277
\l__box_internal_box=\box52
\l__coffin_internal_box=\box53
\l__coffin_internal_dim=\dimen278
\l__coffin_offset_x_dim=\dimen279
\l__coffin_offset_y_dim=\dimen280
\l__coffin_x_dim=\dimen281
\l__coffin_y_dim=\dimen282
\l__coffin_x_prime_dim=\dimen283
\l__coffin_y_prime_dim=\dimen284
\c_empty_coffin=\box54
\l__coffin_aligned_coffin=\box55
\l__coffin_aligned_internal_coffin=\box56
\l_tmpa_coffin=\box57
\l_tmpb_coffin=\box58
\l__coffin_display_coffin=\box59
\l__coffin_display_coord_coffin=\box60
\l__coffin_display_pole_coffin=\box61
\l__coffin_display_offset_dim=\dimen285
\l__coffin_display_x_dim=\dimen286
\l__coffin_display_y_dim=\dimen287
\l__coffin_bounding_shift_dim=\dimen288
\l__coffin_left_corner_dim=\dimen289
\l__coffin_right_corner_dim=\dimen290
\l__coffin_bottom_corner_dim=\dimen291
\l__coffin_top_corner_dim=\dimen292
\l__coffin_scaled_total_height_dim=\dimen293
\l__coffin_scaled_width_dim=\dimen294
)
(/usr/share/texlive/texmf-dist/tex/latex/l3kernel/l3pdfmode.def
File: l3pdfmode.def 2017/03/18 v L3 Experimental driver: PDF mode
\l__driver_color_stack_int=\count338
\l__driver_tmp_box=\box62
))
(/usr/share/texlive/texmf-dist/tex/latex/l3packages/l3keys2e/l3keys2e.sty
Package: l3keys2e 2018/02/21 LaTeX2e option processing using LaTeX3 keys
)
Package: pdfbase 2018/02/28 v0.21 driver independent access to low-level PDF fe
atures
\g_pbs_page_int=\count339
\g_pbs_oc_int=\count340
)
(/usr/share/texlive/texmf-dist/tex/latex/ocgx2/ocgbase.sty
Package: ocgbase 2017/09/29 v0.12 support package for ocgx2.sty
\g_ocgbase_nd_int=\count341
)
\@anim@box=\box63
\@anim@measbox=\box64
\@anim@tmpdima=\dimen295
\@anim@tmpdimb=\dimen296
\@anim@num=\count342
\@anim@curframe=\count343
\@anim@curframe@zb=\count344
\@anim@resizeflags=\count345
\@anim@skipfram=\count346
\@anim@mulframecnt=\count347
\@anim@@tmlnfile=\read2
\@anim@tmpcnt=\count348
\c@@anim@ltxcnt=\count349
\@anim@curlayer=\count350
\@anim@lineno=\count351
\@anim@curfield=\count352
\@anim@@resizeflags=\count353
)
(/usr/share/texlive/texmf-dist/tex/latex/algorithms/algorithm.sty
Package: algorithm 2009/08/24 v0.1 Document Style `algorithm' - floating enviro
nment
\c@algorithm=\count354
)
(/usr/share/texlive/texmf-dist/tex/latex/algorithmicx/algpseudocode.sty
Package: algpseudocode 

(/usr/share/texlive/texmf-dist/tex/latex/algorithmicx/algorithmicx.sty
Package: algorithmicx 2005/04/27 v1.2 Algorithmicx

Document Style algorithmicx 1.2 - a greatly improved `algorithmic' style
\c@ALG@line=\count355
\c@ALG@rem=\count356
\c@ALG@nested=\count357
\ALG@tlm=\skip105
\ALG@thistlm=\skip106
\c@ALG@Lnr=\count358
\c@ALG@blocknr=\count359
\c@ALG@storecount=\count360
\c@ALG@tmpcounter=\count361
\ALG@tmplength=\skip107
)
Document Style - pseudocode environments for use with the `algorithmicx' style
) (/usr/share/texlive/texmf-dist/tex/latex/titlesec/titlesec.sty
Package: titlesec 2016/03/21 v2.10.2 Sectioning titles
\ttl@box=\box65
\beforetitleunit=\skip108
\aftertitleunit=\skip109
\ttl@plus=\dimen297
\ttl@minus=\dimen298
\ttl@toksa=\toks57
\titlewidth=\dimen299
\titlewidthlast=\dimen300
\titlewidthfirst=\dimen301


Package titlesec Warning: Non standard sectioning command detected
(titlesec)                Using default spacing and no format.

) (/usr/share/texlive/texmf-dist/tex/latex/colortbl/colortbl.sty
Package: colortbl 2012/02/13 v1.0a Color table columns (DPC)

(/usr/share/texlive/texmf-dist/tex/latex/tools/array.sty
Package: array 2016/10/06 v2.4d Tabular extension package (FMi)
\col@sep=\dimen302
\extrarowheight=\dimen303
\NC@list=\toks58
\extratabsurround=\skip110
\backup@length=\skip111
)
\everycr=\toks59
\minrowclearance=\skip112
)
(/usr/share/texlive/texmf-dist/tex/latex/pgf/frontendlayer/tikz.sty
(/usr/share/texlive/texmf-dist/tex/latex/pgf/basiclayer/pgf.sty
(/usr/share/texlive/texmf-dist/tex/latex/pgf/utilities/pgfrcs.sty
(/usr/share/texlive/texmf-dist/tex/generic/pgf/utilities/pgfutil-common.tex
\pgfutil@everybye=\toks60
\pgfutil@tempdima=\dimen304
\pgfutil@tempdimb=\dimen305

(/usr/share/texlive/texmf-dist/tex/generic/pgf/utilities/pgfutil-common-lists.t
ex)) (/usr/share/texlive/texmf-dist/tex/generic/pgf/utilities/pgfutil-latex.def
\pgfutil@abb=\box66
(/usr/share/texlive/texmf-dist/tex/latex/ms/everyshi.sty
Package: everyshi 2001/05/15 v3.00 EveryShipout Package (MS)
))
(/usr/share/texlive/texmf-dist/tex/generic/pgf/utilities/pgfrcs.code.tex
Package: pgfrcs 2015/08/07 v3.0.1a (rcs-revision 1.31)
))
Package: pgf 2015/08/07 v3.0.1a (rcs-revision 1.15)

(/usr/share/texlive/texmf-dist/tex/latex/pgf/basiclayer/pgfcore.sty
(/usr/share/texlive/texmf-dist/tex/latex/pgf/systemlayer/pgfsys.sty
(/usr/share/texlive/texmf-dist/tex/generic/pgf/systemlayer/pgfsys.code.tex
Package: pgfsys 2014/07/09 v3.0.1a (rcs-revision 1.48)

(/usr/share/texlive/texmf-dist/tex/generic/pgf/utilities/pgfkeys.code.tex)
\pgf@x=\dimen306
\pgf@y=\dimen307
\pgf@xa=\dimen308
\pgf@ya=\dimen309
\pgf@xb=\dimen310
\pgf@yb=\dimen311
\pgf@xc=\dimen312
\pgf@yc=\dimen313
\w@pgf@writea=\write5
\r@pgf@reada=\read3
\c@pgf@counta=\count362
\c@pgf@countb=\count363
\c@pgf@countc=\count364
\c@pgf@countd=\count365
\t@pgf@toka=\toks61
\t@pgf@tokb=\toks62
\t@pgf@tokc=\toks63

(/usr/share/texlive/texmf-dist/tex/generic/pgf/systemlayer/pgf.cfg
File: pgf.cfg 2008/05/14  (rcs-revision 1.7)
)
Driver file for pgf: pgfsys-pdftex.def

(/usr/share/texlive/texmf-dist/tex/generic/pgf/systemlayer/pgfsys-pdftex.def
File: pgfsys-pdftex.def 2014/10/11  (rcs-revision 1.35)

(/usr/share/texlive/texmf-dist/tex/generic/pgf/systemlayer/pgfsys-common-pdf.de
f
File: pgfsys-common-pdf.def 2013/10/10  (rcs-revision 1.13)
)))
(/usr/share/texlive/texmf-dist/tex/generic/pgf/systemlayer/pgfsyssoftpath.code.
tex
File: pgfsyssoftpath.code.tex 2013/09/09  (rcs-revision 1.9)
\pgfsyssoftpath@smallbuffer@items=\count366
\pgfsyssoftpath@bigbuffer@items=\count367
)
(/usr/share/texlive/texmf-dist/tex/generic/pgf/systemlayer/pgfsysprotocol.code.
tex
File: pgfsysprotocol.code.tex 2006/10/16  (rcs-revision 1.4)
))
(/usr/share/texlive/texmf-dist/tex/generic/pgf/basiclayer/pgfcore.code.tex
Package: pgfcore 2010/04/11 v3.0.1a (rcs-revision 1.7)

(/usr/share/texlive/texmf-dist/tex/generic/pgf/math/pgfmath.code.tex)
(/usr/share/texlive/texmf-dist/tex/generic/pgf/basiclayer/pgfcorepoints.code.te
x
File: pgfcorepoints.code.tex 2013/10/07  (rcs-revision 1.27)
\pgf@picminx=\dimen314
\pgf@picmaxx=\dimen315
\pgf@picminy=\dimen316
\pgf@picmaxy=\dimen317
\pgf@pathminx=\dimen318
\pgf@pathmaxx=\dimen319
\pgf@pathminy=\dimen320
\pgf@pathmaxy=\dimen321
\pgf@xx=\dimen322
\pgf@xy=\dimen323
\pgf@yx=\dimen324
\pgf@yy=\dimen325
\pgf@zx=\dimen326
\pgf@zy=\dimen327
)
(/usr/share/texlive/texmf-dist/tex/generic/pgf/basiclayer/pgfcorepathconstruct.
code.tex
File: pgfcorepathconstruct.code.tex 2013/10/07  (rcs-revision 1.29)
\pgf@path@lastx=\dimen328
\pgf@path@lasty=\dimen329
)
(/usr/share/texlive/texmf-dist/tex/generic/pgf/basiclayer/pgfcorepathusage.code
.tex
File: pgfcorepathusage.code.tex 2014/11/02  (rcs-revision 1.24)
\pgf@shorten@end@additional=\dimen330
\pgf@shorten@start@additional=\dimen331
)
(/usr/share/texlive/texmf-dist/tex/generic/pgf/basiclayer/pgfcorescopes.code.te
x
File: pgfcorescopes.code.tex 2015/05/08  (rcs-revision 1.46)
\pgfpic=\box67
\pgf@hbox=\box68
\pgf@layerbox@main=\box69
\pgf@picture@serial@count=\count368
)
(/usr/share/texlive/texmf-dist/tex/generic/pgf/basiclayer/pgfcoregraphicstate.c
ode.tex
File: pgfcoregraphicstate.code.tex 2014/11/02  (rcs-revision 1.12)
\pgflinewidth=\dimen332
)
(/usr/share/texlive/texmf-dist/tex/generic/pgf/basiclayer/pgfcoretransformation
s.code.tex
File: pgfcoretransformations.code.tex 2015/08/07  (rcs-revision 1.20)
\pgf@pt@x=\dimen333
\pgf@pt@y=\dimen334
\pgf@pt@temp=\dimen335
)
(/usr/share/texlive/texmf-dist/tex/generic/pgf/basiclayer/pgfcorequick.code.tex
File: pgfcorequick.code.tex 2008/10/09  (rcs-revision 1.3)
)
(/usr/share/texlive/texmf-dist/tex/generic/pgf/basiclayer/pgfcoreobjects.code.t
ex
File: pgfcoreobjects.code.tex 2006/10/11  (rcs-revision 1.2)
)
(/usr/share/texlive/texmf-dist/tex/generic/pgf/basiclayer/pgfcorepathprocessing
.code.tex
File: pgfcorepathprocessing.code.tex 2013/09/09  (rcs-revision 1.9)
)
(/usr/share/texlive/texmf-dist/tex/generic/pgf/basiclayer/pgfcorearrows.code.te
x
File: pgfcorearrows.code.tex 2015/05/14  (rcs-revision 1.43)
\pgfarrowsep=\dimen336
)
(/usr/share/texlive/texmf-dist/tex/generic/pgf/basiclayer/pgfcoreshade.code.tex
File: pgfcoreshade.code.tex 2013/07/15  (rcs-revision 1.15)
\pgf@max=\dimen337
\pgf@sys@shading@range@num=\count369
)
(/usr/share/texlive/texmf-dist/tex/generic/pgf/basiclayer/pgfcoreimage.code.tex
File: pgfcoreimage.code.tex 2013/07/15  (rcs-revision 1.18)

(/usr/share/texlive/texmf-dist/tex/generic/pgf/basiclayer/pgfcoreexternal.code.
tex
File: pgfcoreexternal.code.tex 2014/07/09  (rcs-revision 1.21)
\pgfexternal@startupbox=\box70
))
(/usr/share/texlive/texmf-dist/tex/generic/pgf/basiclayer/pgfcorelayers.code.te
x
File: pgfcorelayers.code.tex 2013/07/18  (rcs-revision 1.7)
)
(/usr/share/texlive/texmf-dist/tex/generic/pgf/basiclayer/pgfcoretransparency.c
ode.tex
File: pgfcoretransparency.code.tex 2013/09/30  (rcs-revision 1.5)
)
(/usr/share/texlive/texmf-dist/tex/generic/pgf/basiclayer/pgfcorepatterns.code.
tex
File: pgfcorepatterns.code.tex 2013/11/07  (rcs-revision 1.5)
)))
(/usr/share/texlive/texmf-dist/tex/generic/pgf/modules/pgfmoduleshapes.code.tex
File: pgfmoduleshapes.code.tex 2014/03/21  (rcs-revision 1.35)
\pgfnodeparttextbox=\box71
) (/usr/share/texlive/texmf-dist/tex/generic/pgf/modules/pgfmoduleplot.code.tex
File: pgfmoduleplot.code.tex 2015/08/03  (rcs-revision 1.13)
)
(/usr/share/texlive/texmf-dist/tex/latex/pgf/compatibility/pgfcomp-version-0-65
.sty
Package: pgfcomp-version-0-65 2007/07/03 v3.0.1a (rcs-revision 1.7)
\pgf@nodesepstart=\dimen338
\pgf@nodesepend=\dimen339
)
(/usr/share/texlive/texmf-dist/tex/latex/pgf/compatibility/pgfcomp-version-1-18
.sty
Package: pgfcomp-version-1-18 2007/07/23 v3.0.1a (rcs-revision 1.1)
)) (/usr/share/texlive/texmf-dist/tex/latex/pgf/utilities/pgffor.sty
(/usr/share/texlive/texmf-dist/tex/latex/pgf/utilities/pgfkeys.sty
(/usr/share/texlive/texmf-dist/tex/generic/pgf/utilities/pgfkeys.code.tex))
(/usr/share/texlive/texmf-dist/tex/latex/pgf/math/pgfmath.sty
(/usr/share/texlive/texmf-dist/tex/generic/pgf/math/pgfmath.code.tex))
(/usr/share/texlive/texmf-dist/tex/generic/pgf/utilities/pgffor.code.tex
Package: pgffor 2013/12/13 v3.0.1a (rcs-revision 1.25)

(/usr/share/texlive/texmf-dist/tex/generic/pgf/math/pgfmath.code.tex)
\pgffor@iter=\dimen340
\pgffor@skip=\dimen341
\pgffor@stack=\toks64
\pgffor@toks=\toks65
))
(/usr/share/texlive/texmf-dist/tex/generic/pgf/frontendlayer/tikz/tikz.code.tex
Package: tikz 2015/08/07 v3.0.1a (rcs-revision 1.151)

(/usr/share/texlive/texmf-dist/tex/generic/pgf/libraries/pgflibraryplothandlers
.code.tex
File: pgflibraryplothandlers.code.tex 2013/08/31 v3.0.1a (rcs-revision 1.20)
\pgf@plot@mark@count=\count370
\pgfplotmarksize=\dimen342
)
\tikz@lastx=\dimen343
\tikz@lasty=\dimen344
\tikz@lastxsaved=\dimen345
\tikz@lastysaved=\dimen346
\tikzleveldistance=\dimen347
\tikzsiblingdistance=\dimen348
\tikz@figbox=\box72
\tikz@figbox@bg=\box73
\tikz@tempbox=\box74
\tikz@tempbox@bg=\box75
\tikztreelevel=\count371
\tikznumberofchildren=\count372
\tikznumberofcurrentchild=\count373
\tikz@fig@count=\count374

(/usr/share/texlive/texmf-dist/tex/generic/pgf/modules/pgfmodulematrix.code.tex
File: pgfmodulematrix.code.tex 2013/09/17  (rcs-revision 1.8)
\pgfmatrixcurrentrow=\count375
\pgfmatrixcurrentcolumn=\count376
\pgf@matrix@numberofcolumns=\count377
)
\tikz@expandcount=\count378

(/usr/share/texlive/texmf-dist/tex/generic/pgf/frontendlayer/tikz/libraries/tik
zlibrarytopaths.code.tex
File: tikzlibrarytopaths.code.tex 2008/06/17 v3.0.1a (rcs-revision 1.2)
))) (./Adam_Barnett_Martinez_Sitges_SMO_Project.aux)
\openout1 = `Adam_Barnett_Martinez_Sitges_SMO_Project.aux'.

LaTeX Font Info:    Checking defaults for OML/cmm/m/it on input line 87.
LaTeX Font Info:    ... okay on input line 87.
LaTeX Font Info:    Checking defaults for T1/cmr/m/n on input line 87.
LaTeX Font Info:    ... okay on input line 87.
LaTeX Font Info:    Checking defaults for OT1/cmr/m/n on input line 87.
LaTeX Font Info:    ... okay on input line 87.
LaTeX Font Info:    Checking defaults for OMS/cmsy/m/n on input line 87.
LaTeX Font Info:    ... okay on input line 87.
LaTeX Font Info:    Checking defaults for OMX/cmex/m/n on input line 87.
LaTeX Font Info:    ... okay on input line 87.
LaTeX Font Info:    Checking defaults for U/cmr/m/n on input line 87.
LaTeX Font Info:    ... okay on input line 87.
LaTeX Font Info:    Checking defaults for PD1/pdf/m/n on input line 87.
LaTeX Font Info:    ... okay on input line 87.

(/usr/share/texlive/texmf-dist/tex/context/base/mkii/supp-pdf.mkii
[Loading MPS to PDF converter (version 2006.09.02).]
\scratchcounter=\count379
\scratchdimen=\dimen349
\scratchbox=\box76
\nofMPsegments=\count380
\nofMParguments=\count381
\everyMPshowfont=\toks66
\MPscratchCnt=\count382
\MPscratchDim=\dimen350
\MPnumerator=\count383
\makeMPintoPDFobject=\count384
\everyMPtoPDFconversion=\toks67
) (/usr/share/texlive/texmf-dist/tex/latex/oberdiek/epstopdf-base.sty
Package: epstopdf-base 2016/05/15 v2.6 Base part for package epstopdf

(/usr/share/texlive/texmf-dist/tex/latex/oberdiek/grfext.sty
Package: grfext 2016/05/16 v1.2 Manage graphics extensions (HO)
)
Package epstopdf-base Info: Redefining graphics rule for `.eps' on input line 4
38.
Package grfext Info: Graphics extension search list:
(grfext)             [.pdf,.png,.jpg,.mps,.jpeg,.jbig2,.jb2,.PDF,.PNG,.JPG,.JPE
G,.JBIG2,.JB2,.eps]
(grfext)             \AppendGraphicsExtensions on input line 456.

(/usr/share/texlive/texmf-dist/tex/latex/latexconfig/epstopdf-sys.cfg
File: epstopdf-sys.cfg 2010/07/13 v1.3 Configuration of (r)epstopdf for TeX Liv
e
))
*geometry* driver: auto-detecting
*geometry* detected driver: pdftex
*geometry* verbose mode - [ preamble ] result:
* driver: pdftex
* paper: a4paper
* layout: <same size as paper>
* layoutoffset:(h,v)=(0.0pt,0.0pt)
* modes: 
* h-part:(L,W,R)=(71.13188pt, 455.24411pt, 71.13188pt)
* v-part:(T,H,B)=(71.13188pt, 702.78308pt, 71.13188pt)
* \paperwidth=597.50787pt
* \paperheight=845.04684pt
* \textwidth=455.24411pt
* \textheight=702.78308pt
* \oddsidemargin=-1.1381pt
* \evensidemargin=-1.1381pt
* \topmargin=-38.1381pt
* \headheight=12.0pt
* \headsep=25.0pt
* \topskip=12.0pt
* \footskip=30.0pt
* \marginparwidth=44.0pt
* \marginparsep=10.0pt
* \columnsep=10.0pt
* \skip\footins=24.0pt
* \hoffset=0.0pt
* \voffset=0.0pt
* \mag=1000
* \@twocolumnfalse
* \@twosidefalse
* \@mparswitchfalse
* \@reversemarginfalse
* (1in=72.27pt=25.4mm, 1cm=28.453pt)

\AtBeginShipoutBox=\box77
Package caption Info: Begin \AtBeginDocument code.
Package caption Info: floatrow package is loaded.
Package caption Info: float package is loaded.
Package caption Info: floatrow package is loaded.
Package caption Info: hyperref package is loaded.
Package caption Info: longtable package is loaded.
(/usr/share/texlive/texmf-dist/tex/latex/caption/ltcaption.sty
Package: ltcaption 2013/06/09 v1.4-94 longtable captions (AR)
)
Package caption Info: rotating package is loaded.
Package caption Info: subfigure package is loaded.
Package caption Info: End \AtBeginDocument code.

(/usr/share/texlive/texmf-dist/tex/latex/floatrow/fr-longtable.sty
Package: fr-longtable 2007/11/28 v0.1b (beta) floatrow: additions for longtable

\flrow@LT@lasthead=\box78
\flrow@LT@prelastfoot=\box79
\c@FBLTpage=\count385
)
Package hyperref Info: Link coloring OFF on input line 87.

(/usr/share/texlive/texmf-dist/tex/latex/hyperref/nameref.sty
Package: nameref 2016/05/21 v2.44 Cross-referencing by name of section

(/usr/share/texlive/texmf-dist/tex/generic/oberdiek/gettitlestring.sty
Package: gettitlestring 2016/05/16 v1.5 Cleanup title references (HO)
)
\c@section@level=\count386
)
LaTeX Info: Redefining \ref on input line 87.
LaTeX Info: Redefining \pageref on input line 87.
LaTeX Info: Redefining \nameref on input line 87.

(./Adam_Barnett_Martinez_Sitges_SMO_Project.out)
(./Adam_Barnett_Martinez_Sitges_SMO_Project.out)
\@outlinefile=\write6
\openout6 = `Adam_Barnett_Martinez_Sitges_SMO_Project.out'.


ABD: EveryShipout initializing macros
LaTeX Font Info:    Try loading font information for U+msa on input line 123.

(/usr/share/texlive/texmf-dist/tex/latex/amsfonts/umsa.fd
File: umsa.fd 2013/01/14 v3.01 AMS symbols A
)
LaTeX Font Info:    Try loading font information for U+msb on input line 123.

(/usr/share/texlive/texmf-dist/tex/latex/amsfonts/umsb.fd
File: umsb.fd 2013/01/14 v3.01 AMS symbols B
) [1
Non-PDF special ignored!
Non-PDF special ignored!
Non-PDF special ignored!
Non-PDF special ignored!
Non-PDF special ignored!
Non-PDF special ignored!


Non-PDF special ignored!
Non-PDF special ignored!
Non-PDF special ignored!
Non-PDF special ignored!

{/var/lib/texmf/fonts/map/pdftex/updmap/pdftex.map}]
Overfull \hbox (10.95139pt too wide) detected at line 142
[]
 []


Overfull \hbox (30.0pt too wide) in paragraph at lines 142--142
[] 
 []

[2]
LaTeX Font Info:    Try loading font information for OMS+cmr on input line 226.

 (/usr/share/texlive/texmf-dist/tex/latex/base/omscmr.fd
File: omscmr.fd 2014/09/29 v2.5h Standard LaTeX font definitions
)
LaTeX Font Info:    Font shape `OMS/cmr/m/n' in size <12> not available
(Font)              Font shape `OMS/cmsy/m/n' tried instead on input line 226.
 [3] [4]
Overfull \hbox (15.19229pt too wide) in paragraph at lines 259--260
\OT1/cmr/m/n/12 sumed state $\OML/cmm/m/it/12 x$ \OT1/cmr/m/n/12 in time $\OML/
cmm/m/it/12 t$ \OT1/cmr/m/n/12 are com-puted as $\OML/cmm/m/it/12 ^^L[]\OT1/cmr
/m/n/12 (\OML/cmm/m/it/12 t\OT1/cmr/m/n/12 ) = \OML/cmm/m/it/12 P []$\OT1/cmr/m
/n/12 .
 []

[5] [6]
<plots/2distoftransition_probs_perseason.png, id=150, 1179.40625pt x 777.90625p
t>
File: plots/2distoftransition_probs_perseason.png Graphic file (type png)
<use plots/2distoftransition_probs_perseason.png>
Package pdftex.def Info: plots/2distoftransition_probs_perseason.png  used on i
nput line 309.
(pdftex.def)             Requested size: 471.75415pt x 311.15698pt.

Overfull \hbox (46.51004pt too wide) in paragraph at lines 309--310
[][] 
 []

Missing character: There is no ‚ in font cmr12!
Missing character: There is no Ä in font cmr12!
Missing character: There is no ú in font cmr12!
Missing character: There is no ‚ in font cmr12!
Missing character: There is no Ä in font cmr12!
Missing character: There is no ù in font cmr12!
Missing character: There is no ‚ in font cmr12!
Missing character: There is no Ä in font cmr12!
Missing character: There is no ú in font cmr12!
Missing character: There is no ‚ in font cmr12!
Missing character: There is no Ä in font cmr12!
Missing character: There is no ù in font cmr12!
[7 <./plots/2distoftransition_probs_perseason.png>]
<plots/emission_probs.png, id=158, 1445.4pt x 578.16pt>
File: plots/emission_probs.png Graphic file (type png)
<use plots/emission_probs.png>
Package pdftex.def Info: plots/emission_probs.png  used on input line 315.
(pdftex.def)             Requested size: 505.89758pt x 202.35902pt.

Overfull \hbox (80.65347pt too wide) in paragraph at lines 315--316
[][] 
 []

[8 <./plots/emission_probs.png>] [9] [10]
(./Adam_Barnett_Martinez_Sitges_SMO_Project.bbl)
<plots/Points_Distribution.png, id=176, 1445.4pt x 722.7pt>
File: plots/Points_Distribution.png Graphic file (type png)
<use plots/Points_Distribution.png>
Package pdftex.def Info: plots/Points_Distribution.png  used on input line 363.

(pdftex.def)             Requested size: 433.62335pt x 216.81166pt.
<plots/Rebounds_Distribution.png, id=177, 1445.4pt x 722.7pt>
File: plots/Rebounds_Distribution.png Graphic file (type png)
<use plots/Rebounds_Distribution.png>
Package pdftex.def Info: plots/Rebounds_Distribution.png  used on input line 36
4.
(pdftex.def)             Requested size: 433.62335pt x 216.81166pt.
<plots/Steals_Distribution.png, id=178, 1445.4pt x 722.7pt>
File: plots/Steals_Distribution.png Graphic file (type png)
<use plots/Steals_Distribution.png>
Package pdftex.def Info: plots/Steals_Distribution.png  used on input line 365.

(pdftex.def)             Requested size: 433.62335pt x 216.81166pt.
<plots/FG_Percent_Distribution.png, id=179, 1445.4pt x 722.7pt>
File: plots/FG_Percent_Distribution.png Graphic file (type png)
<use plots/FG_Percent_Distribution.png>
Package pdftex.def Info: plots/FG_Percent_Distribution.png  used on input line 
366.
(pdftex.def)             Requested size: 433.62335pt x 216.81166pt.
<plots/Turnovers_Distribution.png, id=180, 1445.4pt x 722.7pt>
File: plots/Turnovers_Distribution.png Graphic file (type png)
<use plots/Turnovers_Distribution.png>
Package pdftex.def Info: plots/Turnovers_Distribution.png  used on input line 3
67.
(pdftex.def)             Requested size: 433.62335pt x 216.81166pt.
<plots/Free_Throw_Percent_Distribution.png, id=181, 1445.4pt x 722.7pt>
File: plots/Free_Throw_Percent_Distribution.png Graphic file (type png)
<use plots/Free_Throw_Percent_Distribution.png>
Package pdftex.def Info: plots/Free_Throw_Percent_Distribution.png  used on inp
ut line 368.
(pdftex.def)             Requested size: 433.62335pt x 216.81166pt.

Underfull \hbox (badness 10000) in paragraph at lines 363--369

 []

[11 <./plots/Points_Distribution.png> <./plots/Rebounds_Distribution.png>]
[12 <./plots/Steals_Distribution.png> <./plots/FG_Percent_Distribution.png> <./
plots/Turnovers_Distribution.png>]
<plots/gamevalueIndex.png, id=195, 1445.4pt x 722.7pt>
File: plots/gamevalueIndex.png Graphic file (type png)
<use plots/gamevalueIndex.png>
Package pdftex.def Info: plots/gamevalueIndex.png  used on input line 371.
(pdftex.def)             Requested size: 433.62335pt x 216.81166pt.

Underfull \hbox (badness 10000) in paragraph at lines 371--372

 []

<BaumWelch.pdf, id=196, 597.23125pt x 845.1575pt>
File: BaumWelch.pdf Graphic file (type pdf)
<use BaumWelch.pdf>
Package pdftex.def Info: BaumWelch.pdf  used on input line 374.
(pdftex.def)             Requested size: 597.22978pt x 845.15544pt.
File: BaumWelch.pdf Graphic file (type pdf)
<use BaumWelch.pdf>
Package pdftex.def Info: BaumWelch.pdf  used on input line 374.
(pdftex.def)             Requested size: 597.22978pt x 845.15544pt.
<BaumWelch.pdf, id=199, page=1, 597.23125pt x 845.1575pt>
File: BaumWelch.pdf Graphic file (type pdf)
<use BaumWelch.pdf, page 1>
Package pdftex.def Info: BaumWelch.pdf , page1 used on input line 374.
(pdftex.def)             Requested size: 597.22978pt x 845.15544pt.
File: BaumWelch.pdf Graphic file (type pdf)
<use BaumWelch.pdf, page 1>
Package pdftex.def Info: BaumWelch.pdf , page1 used on input line 374.
(pdftex.def)             Requested size: 597.25711pt x 845.19412pt.
[13 <./plots/Free_Throw_Percent_Distribution.png> <./plots/gamevalueIndex.png>]
File: BaumWelch.pdf Graphic file (type pdf)
<use BaumWelch.pdf, page 1>
Package pdftex.def Info: BaumWelch.pdf , page1 used on input line 374.
(pdftex.def)             Requested size: 597.25711pt x 845.19412pt.
File: BaumWelch.pdf Graphic file (type pdf)
<use BaumWelch.pdf, page 1>
Package pdftex.def Info: BaumWelch.pdf , page1 used on input line 374.
(pdftex.def)             Requested size: 597.25711pt x 845.19412pt.
File: BaumWelch.pdf Graphic file (type pdf)
<use BaumWelch.pdf, page 1>
Package pdftex.def Info: BaumWelch.pdf , page1 used on input line 374.
(pdftex.def)             Requested size: 597.25711pt x 845.19412pt.
[14 <./BaumWelch.pdf>]
Underfull \hbox (badness 10000) in paragraph at lines 383--383
[]|\OT1/cmr/m/n/12 Karl-Anthony
 []


Underfull \hbox (badness 10000) in paragraph at lines 386--386
[]|\OT1/cmr/m/n/12 Hassan White-
 []


Underfull \hbox (badness 10000) in paragraph at lines 388--388
[]|\OT1/cmr/m/n/12 DeMarcus
 []


Underfull \hbox (badness 10000) in paragraph at lines 389--389
[]|\OT1/cmr/m/n/12 Russell West-
 []


Underfull \hbox (badness 10000) in paragraph at lines 399--399
[]|\OT1/cmr/m/n/12 Bad
 []


Underfull \hbox (badness 10000) in paragraph at lines 399--399
[]|\OT1/cmr/m/n/12 Average
 []


Underfull \hbox (badness 10000) in paragraph at lines 399--399
[]|\OT1/cmr/m/n/12 Good
 []


Underfull \hbox (badness 10000) in paragraph at lines 399--399
[]|\OT1/cmr/m/n/12 Average
 []


Underfull \hbox (badness 10000) in paragraph at lines 399--400
[]|\OT1/cmr/m/n/12 Good
 []


Underfull \hbox (badness 10000) in paragraph at lines 401--401
[]|\OT1/cmr/m/n/12 Karl-Anthony
 []


Underfull \hbox (badness 10000) in paragraph at lines 404--404
[]|\OT1/cmr/m/n/12 Hassan White-
 []


Underfull \hbox (badness 10000) in paragraph at lines 406--406
[]|\OT1/cmr/m/n/12 DeMarcus
 []


Underfull \hbox (badness 10000) in paragraph at lines 407--407
[]|\OT1/cmr/m/n/12 Russell West-
 []


Overfull \hbox (5.78883pt too wide) in paragraph at lines 395--412
[][] 
 []

[15]
Underfull \hbox (badness 10000) in paragraph at lines 419--419
[]|\OT1/cmr/m/n/12 Giannis An-te-
 []


Underfull \hbox (badness 10000) in paragraph at lines 423--423
[]|\OT1/cmr/m/n/12 Russell West-
 []


Underfull \hbox (badness 10000) in paragraph at lines 434--434
[]|\OT1/cmr/m/n/12 Bad
 []


Underfull \hbox (badness 10000) in paragraph at lines 434--434
[]|\OT1/cmr/m/n/12 Average
 []


Underfull \hbox (badness 10000) in paragraph at lines 434--434
[]|\OT1/cmr/m/n/12 Good
 []


Underfull \hbox (badness 10000) in paragraph at lines 434--434
[]|\OT1/cmr/m/n/12 Average
 []


Underfull \hbox (badness 10000) in paragraph at lines 434--435
[]|\OT1/cmr/m/n/12 Good
 []


Underfull \hbox (badness 10000) in paragraph at lines 436--436
[]|\OT1/cmr/m/n/12 Giannis An-te-
 []


Underfull \hbox (badness 10000) in paragraph at lines 440--440
[]|\OT1/cmr/m/n/12 Russell West-
 []


Overfull \hbox (5.78883pt too wide) in paragraph at lines 430--446
[] 
 []

[16]
Underfull \hbox (badness 10000) in paragraph at lines 467--467
[]|\OT1/cmr/m/n/12 Bad
 []


Underfull \hbox (badness 10000) in paragraph at lines 467--467
[]|\OT1/cmr/m/n/12 Average
 []


Underfull \hbox (badness 10000) in paragraph at lines 467--467
[]|\OT1/cmr/m/n/12 Good
 []


Underfull \hbox (badness 10000) in paragraph at lines 467--467
[]|\OT1/cmr/m/n/12 Average
 []


Underfull \hbox (badness 10000) in paragraph at lines 467--468
[]|\OT1/cmr/m/n/12 Good
 []


Overfull \hbox (5.78883pt too wide) in paragraph at lines 463--476
[] 
 []

[17]
Package atveryend Info: Empty hook `BeforeClearDocument' on input line 478.
Package atveryend Info: Empty hook `AfterLastShipout' on input line 478.
 (./Adam_Barnett_Martinez_Sitges_SMO_Project.aux)
Package atveryend Info: Executing hook `AtVeryEndDocument' on input line 478.
Package atveryend Info: Executing hook `AtEndAfterFileList' on input line 478.
Package rerunfilecheck Info: File `Adam_Barnett_Martinez_Sitges_SMO_Project.out
' has not changed.
(rerunfilecheck)             Checksum: 18044FCCBF147E0DC0BBFDD1E197C042;1264.
Package atveryend Info: Empty hook `AtVeryVeryEnd' on input line 478.
 ) 
Here is how much of TeX's memory you used:
 33253 strings out of 492982
 605421 string characters out of 6134895
 734349 words of memory out of 5000000
 36208 multiletter control sequences out of 15000+600000
 544654 words of font info for 74 fonts, out of 8000000 for 9000
 1141 hyphenation exceptions out of 8191
 54i,18n,54p,10445b,562s stack positions out of 5000i,500n,10000p,200000b,80000s
</usr/share/texlive/texmf-dist/fonts/type1/public/amsfonts/cm/cmbx12.pfb></us
r/share/texlive/texmf-dist/fonts/type1/public/amsfonts/cm/cmex10.pfb></usr/shar
e/texlive/texmf-dist/fonts/type1/public/amsfonts/cm/cmmi12.pfb></usr/share/texl
ive/texmf-dist/fonts/type1/public/amsfonts/cm/cmmi6.pfb></usr/share/texlive/tex
mf-dist/fonts/type1/public/amsfonts/cm/cmmi8.pfb></usr/share/texlive/texmf-dist
/fonts/type1/public/amsfonts/cm/cmr10.pfb></usr/share/texlive/texmf-dist/fonts/
type1/public/amsfonts/cm/cmr12.pfb></usr/share/texlive/texmf-dist/fonts/type1/p
ublic/amsfonts/cm/cmr17.pfb></usr/share/texlive/texmf-dist/fonts/type1/public/a
msfonts/cm/cmr8.pfb></usr/share/texlive/texmf-dist/fonts/type1/public/amsfonts/
cm/cmsy10.pfb></usr/share/texlive/texmf-dist/fonts/type1/public/amsfonts/cm/cms
y8.pfb></usr/share/texlive/texmf-dist/fonts/type1/public/amsfonts/cm/cmti10.pfb
></usr/share/texlive/texmf-dist/fonts/type1/public/amsfonts/cm/cmti12.pfb></usr
/share/texlive/texmf-dist/fonts/type1/public/amsfonts/cm/cmti7.pfb></usr/share/
texlive/texmf-dist/fonts/type1/public/amsfonts/cm/cmtt10.pfb>
Output written on Adam_Barnett_Martinez_Sitges_SMO_Project.pdf (17 pages, 62709
4 bytes).
PDF statistics:
 307 PDF objects out of 1000 (max. 8388607)
 238 compressed objects within 3 object streams
 43 named destinations out of 1000 (max. 500000)
 254 words of extra memory for PDF output out of 10000 (max. 10000000)

