\BOOKMARK [1][-]{section.1}{Introduction}{}% 1
\BOOKMARK [1][-]{section.2}{Data and Features}{}% 2
\BOOKMARK [1][-]{section.3}{Analysis}{}% 3
\BOOKMARK [2][-]{subsection.3.1}{Model}{section.3}% 4
\BOOKMARK [3][-]{subsubsection.3.1.1}{Fitting the Model}{subsection.3.1}% 5
\BOOKMARK [3][-]{subsubsection.3.1.2}{Forward step}{subsection.3.1}% 6
\BOOKMARK [3][-]{subsubsection.3.1.3}{Backward Step}{subsection.3.1}% 7
\BOOKMARK [3][-]{subsubsection.3.1.4}{Updates}{subsection.3.1}% 8
\BOOKMARK [1][-]{section.4}{Results}{}% 9
\BOOKMARK [2][-]{subsection.4.1}{Transmission and Emission Probabilities}{section.4}% 10
\BOOKMARK [2][-]{subsection.4.2}{Top Players}{section.4}% 11
\BOOKMARK [2][-]{subsection.4.3}{Bad Players}{section.4}% 12
\BOOKMARK [1][-]{section.5}{Discussion}{}% 13
\BOOKMARK [2][-]{subsection.5.1}{Extensions}{section.5}% 14
\BOOKMARK [2][-]{subsection.5.2}{Potential Use Cases}{section.5}% 15
\BOOKMARK [1][-]{section.6}{Conclusion}{}% 16
\BOOKMARK [1][-]{section.7}{References}{}% 17
\BOOKMARK [1][-]{appendix.A}{Overall Distributions}{}% 18
\BOOKMARK [1][-]{appendix.B}{Game Value Index}{}% 19
\BOOKMARK [1][-]{appendix.C}{Algorithm in Python}{}% 20
\BOOKMARK [1][-]{appendix.D}{Top Players}{}% 21
\BOOKMARK [1][-]{appendix.E}{Bad Players}{}% 22
